<?xml version="1.0" encoding="UTF-8"?>
<!-- Generated by org.testng.reporters.JUnitReportReporter -->
<testsuite hostname="DESKTOP-57VESP8" failures="0" tests="1" name="com.inetbanking.testCases.TestCase_001" time="4.296" errors="0" timestamp="2023-04-04T18:29:10 IST" skipped="0">
  <testcase classname="com.inetbanking.testCases.TestCase_001" name="loginTest" time="4.296"/>
  <system-out/>
</testsuite> <!-- com.inetbanking.testCases.TestCase_001 -->
